TN:
SF:src/buildTree.js
FN:3,buildTree
FNF:1
FNH:1
FNDA:45,buildTree
DA:1,1
DA:2,1
DA:3,1
DA:4,45
DA:5,45
DA:6,45
DA:7,45
DA:8,162
DA:9,162
DA:10,162
DA:11,162
DA:12,45
DA:13,45
DA:14,162
DA:15,18
DA:16,18
DA:17,162
DA:18,36
DA:19,36
DA:20,162
DA:21,36
DA:22,36
DA:23,36
DA:24,36
DA:25,27
DA:26,27
DA:27,27
DA:28,45
DA:29,1
DA:30,1
LF:30
LH:30
BRDA:3,0,0,45
BRDA:7,1,0,162
BRDA:11,2,0,45
BRDA:14,3,0,117
BRDA:14,4,0,18
BRDA:17,5,0,99
BRDA:17,6,0,45
BRDA:17,7,0,36
BRDA:20,8,0,63
BRDA:20,9,0,36
BRDA:25,10,0,27
BRF:11
BRH:11
end_of_record
TN:
SF:src/index.js
FN:7,getFileFormat
FN:9,getFilePath
FN:11,readFile
FN:13,genDiff
FNF:4
FNH:4
FNDA:18,getFileFormat
FNDA:18,getFilePath
FNDA:18,readFile
FNDA:9,genDiff
DA:1,1
DA:2,1
DA:3,1
DA:4,1
DA:5,1
DA:6,1
DA:7,1
DA:8,1
DA:9,1
DA:10,1
DA:11,1
DA:12,1
DA:13,1
DA:14,9
DA:15,9
DA:16,9
DA:17,9
DA:18,9
DA:19,9
DA:20,9
DA:21,9
DA:22,9
LF:22
LH:22
BRDA:7,0,0,18
BRDA:9,1,0,18
BRDA:11,2,0,18
BRDA:13,3,0,9
BRF:4
BRH:4
end_of_record
TN:
SF:src/parsers.js
FN:3,parsers
FNF:1
FNH:1
FNDA:18,parsers
DA:1,1
DA:2,1
DA:3,1
DA:4,18
DA:5,18
DA:6,18
DA:7,18
DA:8,18
DA:9,18
DA:10,18
DA:11,18
DA:12,18
DA:13,18
DA:14,1
DA:15,1
LF:15
LH:15
BRDA:3,0,0,18
BRDA:5,1,0,6
BRDA:7,2,0,6
BRDA:8,3,0,12
BRDA:10,4,0,0
BRF:5
BRH:4
end_of_record
TN:
SF:src/formatters/index.js
FN:4,getFormat
FNF:1
FNH:1
FNDA:9,getFormat
DA:1,1
DA:2,1
DA:3,1
DA:4,1
DA:5,9
DA:6,9
DA:7,9
DA:8,9
DA:9,9
DA:10,9
DA:11,9
DA:12,9
DA:13,9
DA:14,9
DA:15,9
DA:16,1
DA:17,1
LF:17
LH:17
BRDA:4,0,0,9
BRDA:6,1,0,3
BRDA:8,2,0,3
BRDA:10,3,0,3
BRDA:12,4,0,0
BRF:5
BRH:4
end_of_record
TN:
SF:src/formatters/plain.js
FN:3,stringify
FN:11,makePlain
FN:12,int
FNF:3
FNH:3
FNDA:39,stringify
FNDA:3,makePlain
FNDA:15,int
DA:1,1
DA:2,1
DA:3,1
DA:4,39
DA:5,9
DA:6,9
DA:7,30
DA:8,39
DA:9,39
DA:10,1
DA:11,1
DA:12,3
DA:13,54
DA:14,54
DA:15,54
DA:16,54
DA:17,54
DA:18,54
DA:19,54
DA:20,54
DA:21,54
DA:22,54
DA:23,54
DA:24,54
DA:25,54
DA:26,54
DA:27,54
DA:28,54
DA:29,54
DA:30,3
DA:31,3
DA:32,3
DA:33,3
DA:34,1
DA:35,1
LF:35
LH:35
BRDA:3,0,0,39
BRDA:4,1,0,9
BRDA:7,2,0,30
BRDA:8,3,0,21
BRDA:8,4,0,9
BRDA:11,5,0,3
BRDA:12,6,0,15
BRDA:12,7,0,54
BRDA:16,8,0,15
BRDA:18,9,0,6
BRDA:20,10,0,9
BRDA:22,11,0,12
BRDA:24,12,0,12
BRDA:26,13,0,0
BRF:14
BRH:13
end_of_record
TN:
SF:src/formatters/stylish.js
FN:3,stringify
FN:22,makeStylish
FN:23,forTree
FN:27,createLine
FNF:4
FNH:4
FNDA:81,stringify
FNDA:3,makeStylish
FNDA:15,forTree
FNDA:54,createLine
DA:1,1
DA:2,1
DA:3,1
DA:4,81
DA:5,60
DA:6,60
DA:7,21
DA:8,21
DA:9,21
DA:10,21
DA:11,21
DA:12,21
DA:13,21
DA:14,21
DA:15,1
DA:16,1
DA:17,1
DA:18,1
DA:19,1
DA:20,1
DA:21,1
DA:22,1
DA:23,3
DA:24,54
DA:25,54
DA:26,54
DA:27,54
DA:28,54
DA:29,54
DA:30,54
DA:31,54
DA:32,54
DA:33,54
DA:34,54
DA:35,54
DA:36,54
DA:37,54
DA:38,54
DA:39,54
DA:40,54
DA:41,54
DA:42,54
DA:43,54
DA:44,54
DA:45,3
DA:46,3
DA:47,3
DA:48,3
DA:49,1
DA:50,1
LF:50
LH:50
BRDA:3,0,0,81
BRDA:4,1,0,60
BRDA:7,2,0,21
BRDA:11,3,0,27
BRDA:22,4,0,3
BRDA:23,5,0,15
BRDA:23,6,0,54
BRDA:30,7,0,15
BRDA:32,8,0,6
BRDA:34,9,0,9
BRDA:36,10,0,12
BRDA:39,11,0,12
BRDA:41,12,0,0
BRDA:27,13,0,54
BRF:14
BRH:13
end_of_record
