{"/Users/marinaklejn/Documents/frontend-project-lvl2/frontend-project-lvl2/src/buildTree.js": {"path":"/Users/marinaklejn/Documents/frontend-project-lvl2/frontend-project-lvl2/src/buildTree.js","all":false,"statementMap":{"0":{"start":{"line":1,"column":0},"end":{"line":1,"column":23}},"1":{"start":{"line":2,"column":0},"end":{"line":2,"column":0}},"2":{"start":{"line":3,"column":0},"end":{"line":3,"column":37}},"3":{"start":{"line":4,"column":0},"end":{"line":4,"column":57}},"4":{"start":{"line":5,"column":0},"end":{"line":5,"column":40}},"5":{"start":{"line":6,"column":0},"end":{"line":6,"column":0}},"6":{"start":{"line":7,"column":0},"end":{"line":7,"column":34}},"7":{"start":{"line":8,"column":0},"end":{"line":8,"column":30}},"8":{"start":{"line":9,"column":0},"end":{"line":9,"column":30}},"9":{"start":{"line":10,"column":0},"end":{"line":10,"column":0}},"10":{"start":{"line":11,"column":0},"end":{"line":11,"column":29}},"11":{"start":{"line":12,"column":0},"end":{"line":12,"column":57}},"12":{"start":{"line":13,"column":0},"end":{"line":13,"column":5}},"13":{"start":{"line":14,"column":0},"end":{"line":14,"column":29}},"14":{"start":{"line":15,"column":0},"end":{"line":15,"column":59}},"15":{"start":{"line":16,"column":0},"end":{"line":16,"column":5}},"16":{"start":{"line":17,"column":0},"end":{"line":17,"column":51}},"17":{"start":{"line":18,"column":0},"end":{"line":18,"column":80}},"18":{"start":{"line":19,"column":0},"end":{"line":19,"column":5}},"19":{"start":{"line":20,"column":0},"end":{"line":20,"column":37}},"20":{"start":{"line":21,"column":0},"end":{"line":21,"column":14}},"21":{"start":{"line":22,"column":0},"end":{"line":22,"column":76}},"22":{"start":{"line":23,"column":0},"end":{"line":23,"column":8}},"23":{"start":{"line":24,"column":0},"end":{"line":24,"column":5}},"24":{"start":{"line":25,"column":0},"end":{"line":25,"column":0}},"25":{"start":{"line":26,"column":0},"end":{"line":26,"column":59}},"26":{"start":{"line":27,"column":0},"end":{"line":27,"column":5}},"27":{"start":{"line":28,"column":0},"end":{"line":28,"column":2}},"28":{"start":{"line":29,"column":0},"end":{"line":29,"column":0}},"29":{"start":{"line":30,"column":0},"end":{"line":30,"column":25}}},"s":{"0":1,"1":1,"2":1,"3":45,"4":45,"5":45,"6":45,"7":162,"8":162,"9":162,"10":162,"11":45,"12":45,"13":162,"14":18,"15":18,"16":162,"17":36,"18":36,"19":162,"20":36,"21":36,"22":36,"23":36,"24":27,"25":27,"26":27,"27":45,"28":1,"29":1},"branchMap":{"0":{"type":"branch","line":3,"loc":{"start":{"line":3,"column":18},"end":{"line":28,"column":2}},"locations":[{"start":{"line":3,"column":18},"end":{"line":28,"column":2}}]},"1":{"type":"branch","line":7,"loc":{"start":{"line":7,"column":25},"end":{"line":27,"column":5}},"locations":[{"start":{"line":7,"column":25},"end":{"line":27,"column":5}}]},"2":{"type":"branch","line":11,"loc":{"start":{"line":11,"column":28},"end":{"line":13,"column":5}},"locations":[{"start":{"line":11,"column":28},"end":{"line":13,"column":5}}]},"3":{"type":"branch","line":14,"loc":{"start":{"line":14,"column":-1},"end":{"line":14,"column":8}},"locations":[{"start":{"line":14,"column":-1},"end":{"line":14,"column":8}}]},"4":{"type":"branch","line":14,"loc":{"start":{"line":14,"column":28},"end":{"line":16,"column":5}},"locations":[{"start":{"line":14,"column":28},"end":{"line":16,"column":5}}]},"5":{"type":"branch","line":17,"loc":{"start":{"line":17,"column":-1},"end":{"line":17,"column":9}},"locations":[{"start":{"line":17,"column":-1},"end":{"line":17,"column":9}}]},"6":{"type":"branch","line":17,"loc":{"start":{"line":17,"column":8},"end":{"line":17,"column":31}},"locations":[{"start":{"line":17,"column":8},"end":{"line":17,"column":31}}]},"7":{"type":"branch","line":17,"loc":{"start":{"line":17,"column":50},"end":{"line":19,"column":5}},"locations":[{"start":{"line":17,"column":50},"end":{"line":19,"column":5}}]},"8":{"type":"branch","line":20,"loc":{"start":{"line":20,"column":-1},"end":{"line":20,"column":8}},"locations":[{"start":{"line":20,"column":-1},"end":{"line":20,"column":8}}]},"9":{"type":"branch","line":20,"loc":{"start":{"line":20,"column":36},"end":{"line":24,"column":5}},"locations":[{"start":{"line":20,"column":36},"end":{"line":24,"column":5}}]},"10":{"type":"branch","line":25,"loc":{"start":{"line":25,"column":-1},"end":{"line":27,"column":5}},"locations":[{"start":{"line":25,"column":-1},"end":{"line":27,"column":5}}]}},"b":{"0":[45],"1":[162],"2":[45],"3":[117],"4":[18],"5":[99],"6":[45],"7":[36],"8":[63],"9":[36],"10":[27]},"fnMap":{"0":{"name":"buildTree","decl":{"start":{"line":3,"column":18},"end":{"line":28,"column":2}},"loc":{"start":{"line":3,"column":18},"end":{"line":28,"column":2}},"line":3}},"f":{"0":45}}
,"/Users/marinaklejn/Documents/frontend-project-lvl2/frontend-project-lvl2/src/index.js": {"path":"/Users/marinaklejn/Documents/frontend-project-lvl2/frontend-project-lvl2/src/index.js","all":false,"statementMap":{"0":{"start":{"line":1,"column":0},"end":{"line":1,"column":40}},"1":{"start":{"line":2,"column":0},"end":{"line":2,"column":20}},"2":{"start":{"line":3,"column":0},"end":{"line":3,"column":39}},"3":{"start":{"line":4,"column":0},"end":{"line":4,"column":35}},"4":{"start":{"line":5,"column":0},"end":{"line":5,"column":46}},"5":{"start":{"line":6,"column":0},"end":{"line":6,"column":0}},"6":{"start":{"line":7,"column":0},"end":{"line":7,"column":63}},"7":{"start":{"line":8,"column":0},"end":{"line":8,"column":0}},"8":{"start":{"line":9,"column":0},"end":{"line":9,"column":74}},"9":{"start":{"line":10,"column":0},"end":{"line":10,"column":0}},"10":{"start":{"line":11,"column":0},"end":{"line":11,"column":79}},"11":{"start":{"line":12,"column":0},"end":{"line":12,"column":0}},"12":{"start":{"line":13,"column":0},"end":{"line":13,"column":72}},"13":{"start":{"line":14,"column":0},"end":{"line":14,"column":44}},"14":{"start":{"line":15,"column":0},"end":{"line":15,"column":44}},"15":{"start":{"line":16,"column":0},"end":{"line":16,"column":65}},"16":{"start":{"line":17,"column":0},"end":{"line":17,"column":65}},"17":{"start":{"line":18,"column":0},"end":{"line":18,"column":0}},"18":{"start":{"line":19,"column":0},"end":{"line":19,"column":43}},"19":{"start":{"line":20,"column":0},"end":{"line":20,"column":0}},"20":{"start":{"line":21,"column":0},"end":{"line":21,"column":37}},"21":{"start":{"line":22,"column":0},"end":{"line":22,"column":2}}},"s":{"0":1,"1":1,"2":1,"3":1,"4":1,"5":1,"6":1,"7":1,"8":1,"9":1,"10":1,"11":1,"12":1,"13":9,"14":9,"15":9,"16":9,"17":9,"18":9,"19":9,"20":9,"21":9},"branchMap":{"0":{"type":"branch","line":7,"loc":{"start":{"line":7,"column":23},"end":{"line":7,"column":43}},"locations":[{"start":{"line":7,"column":23},"end":{"line":7,"column":43}}]},"1":{"type":"branch","line":9,"loc":{"start":{"line":9,"column":21},"end":{"line":9,"column":41}},"locations":[{"start":{"line":9,"column":21},"end":{"line":9,"column":41}}]},"2":{"type":"branch","line":11,"loc":{"start":{"line":11,"column":18},"end":{"line":11,"column":33}},"locations":[{"start":{"line":11,"column":18},"end":{"line":11,"column":33}}]},"3":{"type":"branch","line":13,"loc":{"start":{"line":13,"column":25},"end":{"line":22,"column":2}},"locations":[{"start":{"line":13,"column":25},"end":{"line":22,"column":2}}]}},"b":{"0":[18],"1":[18],"2":[18],"3":[9]},"fnMap":{"0":{"name":"getFileFormat","decl":{"start":{"line":7,"column":23},"end":{"line":7,"column":43}},"loc":{"start":{"line":7,"column":23},"end":{"line":7,"column":43}},"line":7},"1":{"name":"getFilePath","decl":{"start":{"line":9,"column":21},"end":{"line":9,"column":41}},"loc":{"start":{"line":9,"column":21},"end":{"line":9,"column":41}},"line":9},"2":{"name":"readFile","decl":{"start":{"line":11,"column":18},"end":{"line":11,"column":33}},"loc":{"start":{"line":11,"column":18},"end":{"line":11,"column":33}},"line":11},"3":{"name":"genDiff","decl":{"start":{"line":13,"column":25},"end":{"line":22,"column":2}},"loc":{"start":{"line":13,"column":25},"end":{"line":22,"column":2}},"line":13}},"f":{"0":18,"1":18,"2":18,"3":9}}
,"/Users/marinaklejn/Documents/frontend-project-lvl2/frontend-project-lvl2/src/parsers.js": {"path":"/Users/marinaklejn/Documents/frontend-project-lvl2/frontend-project-lvl2/src/parsers.js","all":false,"statementMap":{"0":{"start":{"line":1,"column":0},"end":{"line":1,"column":31}},"1":{"start":{"line":2,"column":0},"end":{"line":2,"column":0}},"2":{"start":{"line":3,"column":0},"end":{"line":3,"column":35}},"3":{"start":{"line":4,"column":0},"end":{"line":4,"column":19}},"4":{"start":{"line":5,"column":0},"end":{"line":5,"column":16}},"5":{"start":{"line":6,"column":0},"end":{"line":6,"column":30}},"6":{"start":{"line":7,"column":0},"end":{"line":7,"column":16}},"7":{"start":{"line":8,"column":0},"end":{"line":8,"column":15}},"8":{"start":{"line":9,"column":0},"end":{"line":9,"column":24}},"9":{"start":{"line":10,"column":0},"end":{"line":10,"column":12}},"10":{"start":{"line":11,"column":0},"end":{"line":11,"column":81}},"11":{"start":{"line":12,"column":0},"end":{"line":12,"column":3}},"12":{"start":{"line":13,"column":0},"end":{"line":13,"column":2}},"13":{"start":{"line":14,"column":0},"end":{"line":14,"column":0}},"14":{"start":{"line":15,"column":0},"end":{"line":15,"column":23}}},"s":{"0":1,"1":1,"2":1,"3":18,"4":18,"5":18,"6":18,"7":18,"8":18,"9":18,"10":18,"11":18,"12":18,"13":1,"14":1},"branchMap":{"0":{"type":"branch","line":3,"loc":{"start":{"line":3,"column":16},"end":{"line":13,"column":2}},"locations":[{"start":{"line":3,"column":16},"end":{"line":13,"column":2}}]},"1":{"type":"branch","line":5,"loc":{"start":{"line":5,"column":4},"end":{"line":6,"column":13}},"locations":[{"start":{"line":5,"column":4},"end":{"line":6,"column":13}}]},"2":{"type":"branch","line":7,"loc":{"start":{"line":7,"column":4},"end":{"line":7,"column":9}},"locations":[{"start":{"line":7,"column":4},"end":{"line":7,"column":9}}]},"3":{"type":"branch","line":8,"loc":{"start":{"line":8,"column":4},"end":{"line":9,"column":13}},"locations":[{"start":{"line":8,"column":4},"end":{"line":9,"column":13}}]},"4":{"type":"branch","line":10,"loc":{"start":{"line":10,"column":4},"end":{"line":11,"column":12}},"locations":[{"start":{"line":10,"column":4},"end":{"line":11,"column":12}}]}},"b":{"0":[18],"1":[6],"2":[6],"3":[12],"4":[0]},"fnMap":{"0":{"name":"parsers","decl":{"start":{"line":3,"column":16},"end":{"line":13,"column":2}},"loc":{"start":{"line":3,"column":16},"end":{"line":13,"column":2}},"line":3}},"f":{"0":18}}
,"/Users/marinaklejn/Documents/frontend-project-lvl2/frontend-project-lvl2/src/formatters/index.js": {"path":"/Users/marinaklejn/Documents/frontend-project-lvl2/frontend-project-lvl2/src/formatters/index.js","all":false,"statementMap":{"0":{"start":{"line":1,"column":0},"end":{"line":1,"column":35}},"1":{"start":{"line":2,"column":0},"end":{"line":2,"column":31}},"2":{"start":{"line":3,"column":0},"end":{"line":3,"column":0}},"3":{"start":{"line":4,"column":0},"end":{"line":4,"column":37}},"4":{"start":{"line":5,"column":0},"end":{"line":5,"column":19}},"5":{"start":{"line":6,"column":0},"end":{"line":6,"column":19}},"6":{"start":{"line":7,"column":0},"end":{"line":7,"column":27}},"7":{"start":{"line":8,"column":0},"end":{"line":8,"column":17}},"8":{"start":{"line":9,"column":0},"end":{"line":9,"column":25}},"9":{"start":{"line":10,"column":0},"end":{"line":10,"column":16}},"10":{"start":{"line":11,"column":0},"end":{"line":11,"column":34}},"11":{"start":{"line":12,"column":0},"end":{"line":12,"column":12}},"12":{"start":{"line":13,"column":0},"end":{"line":13,"column":90}},"13":{"start":{"line":14,"column":0},"end":{"line":14,"column":3}},"14":{"start":{"line":15,"column":0},"end":{"line":15,"column":2}},"15":{"start":{"line":16,"column":0},"end":{"line":16,"column":0}},"16":{"start":{"line":17,"column":0},"end":{"line":17,"column":27}}},"s":{"0":1,"1":1,"2":1,"3":1,"4":9,"5":9,"6":9,"7":9,"8":9,"9":9,"10":9,"11":9,"12":9,"13":9,"14":9,"15":1,"16":1},"branchMap":{"0":{"type":"branch","line":4,"loc":{"start":{"line":4,"column":18},"end":{"line":15,"column":2}},"locations":[{"start":{"line":4,"column":18},"end":{"line":15,"column":2}}]},"1":{"type":"branch","line":6,"loc":{"start":{"line":6,"column":4},"end":{"line":7,"column":13}},"locations":[{"start":{"line":6,"column":4},"end":{"line":7,"column":13}}]},"2":{"type":"branch","line":8,"loc":{"start":{"line":8,"column":4},"end":{"line":9,"column":13}},"locations":[{"start":{"line":8,"column":4},"end":{"line":9,"column":13}}]},"3":{"type":"branch","line":10,"loc":{"start":{"line":10,"column":4},"end":{"line":11,"column":13}},"locations":[{"start":{"line":10,"column":4},"end":{"line":11,"column":13}}]},"4":{"type":"branch","line":12,"loc":{"start":{"line":12,"column":4},"end":{"line":13,"column":12}},"locations":[{"start":{"line":12,"column":4},"end":{"line":13,"column":12}}]}},"b":{"0":[9],"1":[3],"2":[3],"3":[3],"4":[0]},"fnMap":{"0":{"name":"getFormat","decl":{"start":{"line":4,"column":18},"end":{"line":15,"column":2}},"loc":{"start":{"line":4,"column":18},"end":{"line":15,"column":2}},"line":4}},"f":{"0":9}}
,"/Users/marinaklejn/Documents/frontend-project-lvl2/frontend-project-lvl2/src/formatters/plain.js": {"path":"/Users/marinaklejn/Documents/frontend-project-lvl2/frontend-project-lvl2/src/formatters/plain.js","all":false,"statementMap":{"0":{"start":{"line":1,"column":0},"end":{"line":1,"column":23}},"1":{"start":{"line":2,"column":0},"end":{"line":2,"column":0}},"2":{"start":{"line":3,"column":0},"end":{"line":3,"column":30}},"3":{"start":{"line":4,"column":0},"end":{"line":4,"column":26}},"4":{"start":{"line":5,"column":0},"end":{"line":5,"column":29}},"5":{"start":{"line":6,"column":0},"end":{"line":6,"column":3}},"6":{"start":{"line":7,"column":0},"end":{"line":7,"column":0}},"7":{"start":{"line":8,"column":0},"end":{"line":8,"column":50}},"8":{"start":{"line":9,"column":0},"end":{"line":9,"column":2}},"9":{"start":{"line":10,"column":0},"end":{"line":10,"column":0}},"10":{"start":{"line":11,"column":0},"end":{"line":11,"column":29}},"11":{"start":{"line":12,"column":0},"end":{"line":12,"column":58}},"12":{"start":{"line":13,"column":0},"end":{"line":13,"column":52}},"13":{"start":{"line":14,"column":0},"end":{"line":14,"column":0}},"14":{"start":{"line":15,"column":0},"end":{"line":15,"column":24}},"15":{"start":{"line":16,"column":0},"end":{"line":16,"column":19}},"16":{"start":{"line":17,"column":0},"end":{"line":17,"column":83}},"17":{"start":{"line":18,"column":0},"end":{"line":18,"column":21}},"18":{"start":{"line":19,"column":0},"end":{"line":19,"column":48}},"19":{"start":{"line":20,"column":0},"end":{"line":20,"column":23}},"20":{"start":{"line":21,"column":0},"end":{"line":21,"column":18}},"21":{"start":{"line":22,"column":0},"end":{"line":22,"column":21}},"22":{"start":{"line":23,"column":0},"end":{"line":23,"column":118}},"23":{"start":{"line":24,"column":0},"end":{"line":24,"column":20}},"24":{"start":{"line":25,"column":0},"end":{"line":25,"column":58}},"25":{"start":{"line":26,"column":0},"end":{"line":26,"column":14}},"26":{"start":{"line":27,"column":0},"end":{"line":27,"column":59}},"27":{"start":{"line":28,"column":0},"end":{"line":28,"column":5}},"28":{"start":{"line":29,"column":0},"end":{"line":29,"column":5}},"29":{"start":{"line":30,"column":0},"end":{"line":30,"column":0}},"30":{"start":{"line":31,"column":0},"end":{"line":31,"column":34}},"31":{"start":{"line":32,"column":0},"end":{"line":32,"column":35}},"32":{"start":{"line":33,"column":0},"end":{"line":33,"column":2}},"33":{"start":{"line":34,"column":0},"end":{"line":34,"column":0}},"34":{"start":{"line":35,"column":0},"end":{"line":35,"column":25}}},"s":{"0":1,"1":1,"2":1,"3":39,"4":9,"5":9,"6":30,"7":39,"8":39,"9":1,"10":1,"11":3,"12":54,"13":54,"14":54,"15":54,"16":54,"17":54,"18":54,"19":54,"20":54,"21":54,"22":54,"23":54,"24":54,"25":54,"26":54,"27":54,"28":54,"29":3,"30":3,"31":3,"32":3,"33":1,"34":1},"branchMap":{"0":{"type":"branch","line":3,"loc":{"start":{"line":3,"column":19},"end":{"line":9,"column":2}},"locations":[{"start":{"line":3,"column":19},"end":{"line":9,"column":2}}]},"1":{"type":"branch","line":4,"loc":{"start":{"line":4,"column":25},"end":{"line":6,"column":3}},"locations":[{"start":{"line":4,"column":25},"end":{"line":6,"column":3}}]},"2":{"type":"branch","line":7,"loc":{"start":{"line":7,"column":-1},"end":{"line":8,"column":10}},"locations":[{"start":{"line":7,"column":-1},"end":{"line":8,"column":10}}]},"3":{"type":"branch","line":8,"loc":{"start":{"line":8,"column":9},"end":{"line":8,"column":44}},"locations":[{"start":{"line":8,"column":9},"end":{"line":8,"column":44}}]},"4":{"type":"branch","line":8,"loc":{"start":{"line":8,"column":9},"end":{"line":8,"column":50}},"locations":[{"start":{"line":8,"column":9},"end":{"line":8,"column":50}}]},"5":{"type":"branch","line":11,"loc":{"start":{"line":11,"column":19},"end":{"line":33,"column":2}},"locations":[{"start":{"line":11,"column":19},"end":{"line":33,"column":2}}]},"6":{"type":"branch","line":12,"loc":{"start":{"line":12,"column":14},"end":{"line":12,"column":38}},"locations":[{"start":{"line":12,"column":14},"end":{"line":12,"column":38}}]},"7":{"type":"branch","line":12,"loc":{"start":{"line":12,"column":48},"end":{"line":29,"column":5}},"locations":[{"start":{"line":12,"column":48},"end":{"line":29,"column":5}}]},"8":{"type":"branch","line":16,"loc":{"start":{"line":16,"column":6},"end":{"line":17,"column":16}},"locations":[{"start":{"line":16,"column":6},"end":{"line":17,"column":16}}]},"9":{"type":"branch","line":18,"loc":{"start":{"line":18,"column":6},"end":{"line":19,"column":16}},"locations":[{"start":{"line":18,"column":6},"end":{"line":19,"column":16}}]},"10":{"type":"branch","line":20,"loc":{"start":{"line":20,"column":6},"end":{"line":21,"column":15}},"locations":[{"start":{"line":20,"column":6},"end":{"line":21,"column":15}}]},"11":{"type":"branch","line":22,"loc":{"start":{"line":22,"column":6},"end":{"line":23,"column":16}},"locations":[{"start":{"line":22,"column":6},"end":{"line":23,"column":16}}]},"12":{"type":"branch","line":24,"loc":{"start":{"line":24,"column":6},"end":{"line":25,"column":16}},"locations":[{"start":{"line":24,"column":6},"end":{"line":25,"column":16}}]},"13":{"type":"branch","line":26,"loc":{"start":{"line":26,"column":6},"end":{"line":27,"column":14}},"locations":[{"start":{"line":26,"column":6},"end":{"line":27,"column":14}}]}},"b":{"0":[39],"1":[9],"2":[30],"3":[21],"4":[9],"5":[3],"6":[15],"7":[54],"8":[15],"9":[6],"10":[9],"11":[12],"12":[12],"13":[0]},"fnMap":{"0":{"name":"stringify","decl":{"start":{"line":3,"column":19},"end":{"line":9,"column":2}},"loc":{"start":{"line":3,"column":19},"end":{"line":9,"column":2}},"line":3},"1":{"name":"makePlain","decl":{"start":{"line":11,"column":19},"end":{"line":33,"column":2}},"loc":{"start":{"line":11,"column":19},"end":{"line":33,"column":2}},"line":11},"2":{"name":"int","decl":{"start":{"line":12,"column":14},"end":{"line":12,"column":38}},"loc":{"start":{"line":12,"column":14},"end":{"line":12,"column":38}},"line":12}},"f":{"0":39,"1":3,"2":15}}
,"/Users/marinaklejn/Documents/frontend-project-lvl2/frontend-project-lvl2/src/formatters/stylish.js": {"path":"/Users/marinaklejn/Documents/frontend-project-lvl2/frontend-project-lvl2/src/formatters/stylish.js","all":false,"statementMap":{"0":{"start":{"line":1,"column":0},"end":{"line":1,"column":23}},"1":{"start":{"line":2,"column":0},"end":{"line":2,"column":0}},"2":{"start":{"line":3,"column":0},"end":{"line":3,"column":46}},"3":{"start":{"line":4,"column":0},"end":{"line":4,"column":26}},"4":{"start":{"line":5,"column":0},"end":{"line":5,"column":21}},"5":{"start":{"line":6,"column":0},"end":{"line":6,"column":3}},"6":{"start":{"line":7,"column":0},"end":{"line":7,"column":0}},"7":{"start":{"line":8,"column":0},"end":{"line":8,"column":47}},"8":{"start":{"line":9,"column":0},"end":{"line":9,"column":47}},"9":{"start":{"line":10,"column":0},"end":{"line":10,"column":36}},"10":{"start":{"line":11,"column":0},"end":{"line":11,"column":91}},"11":{"start":{"line":12,"column":0},"end":{"line":12,"column":0}},"12":{"start":{"line":13,"column":0},"end":{"line":13,"column":57}},"13":{"start":{"line":14,"column":0},"end":{"line":14,"column":2}},"14":{"start":{"line":15,"column":0},"end":{"line":15,"column":0}},"15":{"start":{"line":16,"column":0},"end":{"line":16,"column":14}},"16":{"start":{"line":17,"column":0},"end":{"line":17,"column":13}},"17":{"start":{"line":18,"column":0},"end":{"line":18,"column":15}},"18":{"start":{"line":19,"column":0},"end":{"line":19,"column":17}},"19":{"start":{"line":20,"column":0},"end":{"line":20,"column":2}},"20":{"start":{"line":21,"column":0},"end":{"line":21,"column":0}},"21":{"start":{"line":22,"column":0},"end":{"line":22,"column":50}},"22":{"start":{"line":23,"column":0},"end":{"line":23,"column":55}},"23":{"start":{"line":24,"column":0},"end":{"line":24,"column":39}},"24":{"start":{"line":25,"column":0},"end":{"line":25,"column":36}},"25":{"start":{"line":26,"column":0},"end":{"line":26,"column":0}},"26":{"start":{"line":27,"column":0},"end":{"line":27,"column":113}},"27":{"start":{"line":28,"column":0},"end":{"line":28,"column":0}},"28":{"start":{"line":29,"column":0},"end":{"line":29,"column":24}},"29":{"start":{"line":30,"column":0},"end":{"line":30,"column":19}},"30":{"start":{"line":31,"column":0},"end":{"line":31,"column":50}},"31":{"start":{"line":32,"column":0},"end":{"line":32,"column":21}},"32":{"start":{"line":33,"column":0},"end":{"line":33,"column":52}},"33":{"start":{"line":34,"column":0},"end":{"line":34,"column":23}},"34":{"start":{"line":35,"column":0},"end":{"line":35,"column":54}},"35":{"start":{"line":36,"column":0},"end":{"line":36,"column":21}},"36":{"start":{"line":37,"column":0},"end":{"line":37,"column":63}},"37":{"start":{"line":38,"column":0},"end":{"line":38,"column":68}},"38":{"start":{"line":39,"column":0},"end":{"line":39,"column":20}},"39":{"start":{"line":40,"column":0},"end":{"line":40,"column":106}},"40":{"start":{"line":41,"column":0},"end":{"line":41,"column":14}},"41":{"start":{"line":42,"column":0},"end":{"line":42,"column":59}},"42":{"start":{"line":43,"column":0},"end":{"line":43,"column":5}},"43":{"start":{"line":44,"column":0},"end":{"line":44,"column":5}},"44":{"start":{"line":45,"column":0},"end":{"line":45,"column":0}},"45":{"start":{"line":46,"column":0},"end":{"line":46,"column":39}},"46":{"start":{"line":47,"column":0},"end":{"line":47,"column":47}},"47":{"start":{"line":48,"column":0},"end":{"line":48,"column":2}},"48":{"start":{"line":49,"column":0},"end":{"line":49,"column":0}},"49":{"start":{"line":50,"column":0},"end":{"line":50,"column":27}}},"s":{"0":1,"1":1,"2":1,"3":81,"4":60,"5":60,"6":21,"7":21,"8":21,"9":21,"10":21,"11":21,"12":21,"13":21,"14":1,"15":1,"16":1,"17":1,"18":1,"19":1,"20":1,"21":1,"22":3,"23":54,"24":54,"25":54,"26":54,"27":54,"28":54,"29":54,"30":54,"31":54,"32":54,"33":54,"34":54,"35":54,"36":54,"37":54,"38":54,"39":54,"40":54,"41":54,"42":54,"43":54,"44":3,"45":3,"46":3,"47":3,"48":1,"49":1},"branchMap":{"0":{"type":"branch","line":3,"loc":{"start":{"line":3,"column":18},"end":{"line":14,"column":2}},"locations":[{"start":{"line":3,"column":18},"end":{"line":14,"column":2}}]},"1":{"type":"branch","line":4,"loc":{"start":{"line":4,"column":25},"end":{"line":6,"column":3}},"locations":[{"start":{"line":4,"column":25},"end":{"line":6,"column":3}}]},"2":{"type":"branch","line":7,"loc":{"start":{"line":7,"column":-1},"end":{"line":14,"column":2}},"locations":[{"start":{"line":7,"column":-1},"end":{"line":14,"column":2}}]},"3":{"type":"branch","line":11,"loc":{"start":{"line":11,"column":9},"end":{"line":11,"column":91}},"locations":[{"start":{"line":11,"column":9},"end":{"line":11,"column":91}}]},"4":{"type":"branch","line":22,"loc":{"start":{"line":22,"column":20},"end":{"line":48,"column":2}},"locations":[{"start":{"line":22,"column":20},"end":{"line":48,"column":2}}]},"5":{"type":"branch","line":23,"loc":{"start":{"line":23,"column":18},"end":{"line":23,"column":39}},"locations":[{"start":{"line":23,"column":18},"end":{"line":23,"column":39}}]},"6":{"type":"branch","line":23,"loc":{"start":{"line":23,"column":45},"end":{"line":44,"column":5}},"locations":[{"start":{"line":23,"column":45},"end":{"line":44,"column":5}}]},"7":{"type":"branch","line":30,"loc":{"start":{"line":30,"column":6},"end":{"line":31,"column":15}},"locations":[{"start":{"line":30,"column":6},"end":{"line":31,"column":15}}]},"8":{"type":"branch","line":32,"loc":{"start":{"line":32,"column":6},"end":{"line":33,"column":15}},"locations":[{"start":{"line":32,"column":6},"end":{"line":33,"column":15}}]},"9":{"type":"branch","line":34,"loc":{"start":{"line":34,"column":6},"end":{"line":35,"column":15}},"locations":[{"start":{"line":34,"column":6},"end":{"line":35,"column":15}}]},"10":{"type":"branch","line":36,"loc":{"start":{"line":36,"column":6},"end":{"line":37,"column":15}},"locations":[{"start":{"line":36,"column":6},"end":{"line":37,"column":15}}]},"11":{"type":"branch","line":39,"loc":{"start":{"line":39,"column":6},"end":{"line":40,"column":16}},"locations":[{"start":{"line":39,"column":6},"end":{"line":40,"column":16}}]},"12":{"type":"branch","line":41,"loc":{"start":{"line":41,"column":6},"end":{"line":42,"column":14}},"locations":[{"start":{"line":41,"column":6},"end":{"line":42,"column":14}}]},"13":{"type":"branch","line":27,"loc":{"start":{"line":27,"column":23},"end":{"line":27,"column":113}},"locations":[{"start":{"line":27,"column":23},"end":{"line":27,"column":113}}]}},"b":{"0":[81],"1":[60],"2":[21],"3":[27],"4":[3],"5":[15],"6":[54],"7":[15],"8":[6],"9":[9],"10":[12],"11":[12],"12":[0],"13":[54]},"fnMap":{"0":{"name":"stringify","decl":{"start":{"line":3,"column":18},"end":{"line":14,"column":2}},"loc":{"start":{"line":3,"column":18},"end":{"line":14,"column":2}},"line":3},"1":{"name":"makeStylish","decl":{"start":{"line":22,"column":20},"end":{"line":48,"column":2}},"loc":{"start":{"line":22,"column":20},"end":{"line":48,"column":2}},"line":22},"2":{"name":"forTree","decl":{"start":{"line":23,"column":18},"end":{"line":23,"column":39}},"loc":{"start":{"line":23,"column":18},"end":{"line":23,"column":39}},"line":23},"3":{"name":"createLine","decl":{"start":{"line":27,"column":23},"end":{"line":27,"column":113}},"loc":{"start":{"line":27,"column":23},"end":{"line":27,"column":113}},"line":27}},"f":{"0":81,"1":3,"2":15,"3":54}}
}
